<?xml version="1.0" encoding="UTF-8"?>
<testng-results ignored="0" total="1" passed="1" failed="0" skipped="0">
  <reporter-output>
  </reporter-output>
  <suite started-at="2024-12-09T15:20:41 IST" name="Suite" finished-at="2024-12-09T15:21:09 IST" duration-ms="28073">
    <groups>
    </groups>
    <test started-at="2024-12-09T15:20:41 IST" name="Test" finished-at="2024-12-09T15:21:09 IST" duration-ms="28073">
      <class name="testCases.TC_003_AccountSettingUpdate">
        <test-method is-config="true" signature="setup(java.lang.String,java.lang.String)[pri:0, instance:testCases.TC_003_AccountSettingUpdate@6771beb3]" started-at="2024-12-09T15:20:42 IST" name="setup" finished-at="2024-12-09T15:20:45 IST" duration-ms="3451" status="PASS">
          <params>
            <param index="0">
              <value>
                <![CDATA[Windows]]>
              </value>
            </param>
            <param index="1">
              <value>
                <![CDATA[chrome]]>
              </value>
            </param>
          </params>
          <reporter-output>
          </reporter-output>
        </test-method> <!-- setup -->
        <test-method signature="test_accountsettingUpdate()[pri:0, instance:testCases.TC_003_AccountSettingUpdate@6771beb3]" started-at="2024-12-09T15:20:45 IST" name="test_accountsettingUpdate" finished-at="2024-12-09T15:21:08 IST" duration-ms="23522" status="PASS">
          <reporter-output>
          </reporter-output>
        </test-method> <!-- test_accountsettingUpdate -->
        <test-method is-config="true" signature="tearDown()[pri:0, instance:testCases.TC_003_AccountSettingUpdate@6771beb3]" started-at="2024-12-09T15:21:09 IST" name="tearDown" finished-at="2024-12-09T15:21:09 IST" duration-ms="771" status="PASS">
          <reporter-output>
          </reporter-output>
        </test-method> <!-- tearDown -->
      </class> <!-- testCases.TC_003_AccountSettingUpdate -->
    </test> <!-- Test -->
  </suite> <!-- Suite -->
</testng-results>
